C51 COMPILER V9.54   MAIN                                                                  05/06/2025 10:34:20 PAGE 1   


C51 COMPILER V9.54, COMPILATION OF MODULE MAIN
OBJECT MODULE PLACED IN .\Objects\main.obj
COMPILER INVOKED BY: E:\Keil5\C51\BIN\C51.EXE main.c OPTIMIZE(8,SPEED) BROWSE DEBUG OBJECTEXTEND PRINT(.\Listings\main.l
                    -st) OBJECT(.\Objects\main.obj)

line level    source

   1          #include <reg51.h>
   2          
   3          
   4          sbit P1_0 = P1^0;   // 定义P1.0引脚
   5          
   6          void Timer() interrupt 3 {
   7   1          P1_0 = !P1_0;    // 翻转电平状态
   8   1          
   9   1          if (P1_0 == 0) 
  10   1          {
  11   2              TH1 = 0x00;    
  12   2              TL1 = 0x00;
  13   2          } 
  14   1          else 
  15   1          {
  16   2              TH1 = 0x00;  
  17   2              TL1 = 0x00;
  18   2          }
  19   1          
  20   1          TF1 = 0;         // 清除中断标志
  21   1      }
  22          
  23          void main(void) 
  24          {
  25   1          TMOD = 0x10;     // 设置T1为模式1
  26   1          TH1 = 0x00;      
  27   1          TL1 = 0x00;
  28   1          ET1 = 1;         // 允许T1中断
  29   1          EA = 1;          // 全局中断使能
  30   1          TR1 = 1;         // 启动定时器
  31   1          P1_0 = 1;        // 初始输出高电平
  32   1          
  33   1          while(1);        // 主循环等待
  34   1      }
  35          
  36          


MODULE INFORMATION:   STATIC OVERLAYABLE
   CODE SIZE        =     29    ----
   CONSTANT SIZE    =   ----    ----
   XDATA SIZE       =   ----    ----
   PDATA SIZE       =   ----    ----
   DATA SIZE        =   ----    ----
   IDATA SIZE       =   ----    ----
   BIT SIZE         =   ----    ----
END OF MODULE INFORMATION.


C51 COMPILATION COMPLETE.  0 WARNING(S),  0 ERROR(S)
