C51 COMPILER V9.54   MAIN                                                                  06/05/2025 14:08:11 PAGE 1   


C51 COMPILER V9.54, COMPILATION OF MODULE MAIN
OBJECT MODULE PLACED IN .\Objects\main.obj
COMPILER INVOKED BY: E:\Keil5\C51\BIN\C51.EXE main.c OPTIMIZE(8,SPEED) BROWSE DEBUG OBJECTEXTEND PRINT(.\Listings\main.l
                    -st) OBJECT(.\Objects\main.obj)

line level    source

   1          #include <reg51.h>
   2          #include <intrins.h>
   3          
   4          #define uchar unsigned char
   5              
   6          sbit    EN = P1^5;
   7          sbit    RW = P1^6;
   8          sbit    RS = P1^7;
   9          sbit    DOUT = P3^0;
  10          sbit    SCLK = P3^1;
  11          sbit    CS = P3^2;
  12          sbit    SHDN = P3^4;
  13          
  14          uchar buff1[] = {"current adc1241:"};
  15          uchar buff2[12];
  16          
  17          void fbusy(void)
  18          {
  19   1          P2 = 0XFF;
  20   1          RS = 0;
  21   1          RW = 1;
  22   1          EN = 1;
  23   1          EN = 0;
  24   1          while((P2 & 0X80))
  25   1          {
  26   2              EN = 0;
  27   2              EN = 1;
  28   2          }
  29   1      }
  30          
  31          void wc51r(uchar j)
  32          {
  33   1          fbusy();
  34   1          EN = 0;
  35   1          RS = 0;
  36   1          RW = 0;
  37   1          EN = 1;
  38   1          P2 = j;
  39   1          EN = 0;
  40   1      }
  41          
  42          
  43          void wc51ddr(uchar j)
  44          {
  45   1          fbusy();
  46   1          EN = 0;
  47   1          RS = 1;
  48   1          RW = 0;
  49   1          EN = 1;
  50   1          P2 = j;
  51   1          EN = 0;
  52   1      }
  53          
  54          void init(void)
C51 COMPILER V9.54   MAIN                                                                  06/05/2025 14:08:11 PAGE 2   

  55          {
  56   1          wc51r(0x01);
  57   1          wc51r(0x38);
  58   1          wc51r(0x0c);
  59   1          wc51r(0x06);
  60   1      }
  61          
  62          void adc(void)
  63          {
  64   1          uchar i ;
  65   1          SHDN = 1;
  66   1          SCLK = 0;
  67   1          CS = 0;
  68   1          while(!DOUT)
  69   1          {
  70   2              ;
  71   2          }
  72   1          SCLK = 1;
  73   1          for(i = 0;i < 12; i++)
  74   1          {
  75   2              SCLK = 0;
  76   2              _nop_();
  77   2              SCLK = 1;
  78   2              if(DOUT)
  79   2              {
  80   3                  buff2[i] = 0x31;
  81   3              }
  82   2              else
  83   2              {
  84   3                  buff2[i] = 0x30;
  85   3              }
  86   2          }
  87   1          
  88   1          CS = 1;
  89   1          SHDN = 0;
  90   1      }
  91          
  92          void main(void)
  93          {
  94   1          uchar k;
  95   1          SP = 0X50;
  96   1          EA = 0;
  97   1          init();
  98   1          wc51r(0x80);
  99   1          
 100   1          for(k = 0; k < 16; k++)
 101   1          {
 102   2              wc51ddr(buff1[k]);
 103   2          }
 104   1          
 105   1          
 106   1          while(1)
 107   1          {
 108   2              adc();
 109   2              wc51r(0xc2);
 110   2              
 111   2              for(k = 0; k < 12;k++)
 112   2              {
 113   3                  wc51ddr(buff2[k]);
 114   3              }
 115   2              
 116   2          }
C51 COMPILER V9.54   MAIN                                                                  06/05/2025 14:08:11 PAGE 3   

 117   1      }
 118          
 119          


MODULE INFORMATION:   STATIC OVERLAYABLE
   CODE SIZE        =    168    ----
   CONSTANT SIZE    =   ----    ----
   XDATA SIZE       =   ----    ----
   PDATA SIZE       =   ----    ----
   DATA SIZE        =     29    ----
   IDATA SIZE       =   ----    ----
   BIT SIZE         =   ----    ----
END OF MODULE INFORMATION.


C51 COMPILATION COMPLETE.  0 WARNING(S),  0 ERROR(S)
