C51 COMPILER V9.54   MAIN                                                                  06/05/2025 14:26:56 PAGE 1   


C51 COMPILER V9.54, COMPILATION OF MODULE MAIN
OBJECT MODULE PLACED IN .\Objects\main.obj
COMPILER INVOKED BY: E:\Keil5\C51\BIN\C51.EXE main.c OPTIMIZE(8,SPEED) BROWSE DEBUG OBJECTEXTEND PRINT(.\Listings\main.l
                    -st) OBJECT(.\Objects\main.obj)

line level    source

   1          #include <reg51.h>
   2          
   3          
   4          
   5          void delay_ms(unsigned int ms)
   6          {
   7   1          unsigned int i,j;
   8   1          for(i=0;i<ms;i++)
   9   1          {
  10   2              for(j=0;j<125;j++)
  11   2              {
  12   3              
  13   3              
  14   3              }
  15   2          
  16   2          }
  17   1              
  18   1      }
  19          
  20          unsigned char LED_BUF[8] = {0x01,0x02,0x04,0x08,0x10,0x20,0x40,0x80};
  21          
  22          void main(void)
  23          {
  24   1          unsigned int i;
  25   1          while(1)
  26   1          {
  27   2              for(i=0;i<8;i++)
  28   2              {
  29   3                  P0 = LED_BUF[i];
  30   3                  delay_ms(1000);
  31   3              }
  32   2          }
  33   1      }


MODULE INFORMATION:   STATIC OVERLAYABLE
   CODE SIZE        =     62    ----
   CONSTANT SIZE    =   ----    ----
   XDATA SIZE       =   ----    ----
   PDATA SIZE       =   ----    ----
   DATA SIZE        =      8    ----
   IDATA SIZE       =   ----    ----
   BIT SIZE         =   ----    ----
END OF MODULE INFORMATION.


C51 COMPILATION COMPLETE.  0 WARNING(S),  0 ERROR(S)
