C51 COMPILER V9.54   MAIN                                                                  05/30/2025 22:10:44 PAGE 1   


C51 COMPILER V9.54, COMPILATION OF MODULE MAIN
OBJECT MODULE PLACED IN .\Objects\main.obj
COMPILER INVOKED BY: E:\Keil5\C51\BIN\C51.EXE main.c OPTIMIZE(8,SPEED) BROWSE DEBUG OBJECTEXTEND PRINT(.\Listings\main.l
                    -st) OBJECT(.\Objects\main.obj)

line level    source

   1          #include <reg51.h>
   2          #define uchar unsigned char
   3          #define uint unsigned int
   4          //ٶĳ1λĹǣ16ֱַ0~9A~FΪַ7ϵͳϵLED𣨴
             -
   5          //ʾ˸8Լ1sΪ-״̬ʾһλ룬ȷʾP
             -LED
   6          //Լ3sԶ״̬ʾԶʾELEDƱֵ𣨱ʾ󣩣Լ3s
             -Զ״̬˷ѭ
   7          
   8          
   9          
  10          sbit LED = P3^0;
  11          
  12          // ܶ ()0-9, A-F, '-', 'P', 'E', '8'
  13          uchar code seg_code[] = {
  14              0x3F, // 0
  15              0x06, // 1
  16              0x5B, // 2
  17              0x4F, // 3
  18              0x66, // 4
  19              0x6D, // 5
  20              0x7D, // 6
  21              0x07, // 7
  22              0x7F, // 8
  23              0x6F, // 9
  24              0x77, // A
  25              0x7C, // b
  26              0x39, // C
  27              0x5E, // d
  28              0x79, // E
  29              0x71, // F
  30              0x40, // '-' (λ16)
  31              0x73, // P (λ17)
  32              0x79  // E (λ18)
  33          };
  34          
  35          // ʱms
  36          void delay_ms(uint ms) 
  37          {
  38   1          uint i, j;
  39   1          for(i=0; i<ms; i++)
  40   1          {
  41   2              for(j=0; j<123; j++);
  42   2          }
  43   1      }
  44          
  45          // ʾ
  46          void display(uchar index) 
  47          {
  48   1          P0 = seg_code[index];
  49   1      }
  50          
  51          
C51 COMPILER V9.54   MAIN                                                                  05/30/2025 22:10:44 PAGE 2   

  52          // ɨ
  53          uchar key_scan() 
  54          {
  55   1          uchar row, col, key_val;
  56   1          P2 = 0xF0; // иߵƽе͵ƽ
  57   1          if ((P2 & 0xF0) != 0xF0) 
  58   1          {
  59   2              delay_ms(20); // 
  60   2              
  61   2              if ((P2 & 0xF0) != 0xF0) 
  62   2              {
  63   3                  row = P2 & 0xF0;
  64   3                  P2 = 0x0F; // иߵƽе͵ƽ
  65   3                  col = P2 & 0x0F;
  66   3      
  67   3                  key_val = row | col;
  68   3      
  69   3                  switch (key_val) 
  70   3                  {
  71   4                      case 0xEE: return 0;  // 0
  72   4                      case 0xDE: return 1;  // 1
  73   4                      case 0xBE: return 2;  // 2
  74   4                      case 0x7E: return 3;  // 3
  75   4                      case 0xED: return 4;  // 4
  76   4                      case 0xDD: return 5;  // 5
  77   4                      case 0xBD: return 6;  // 6
  78   4                      case 0x7D: return 7;  // 7 ()
  79   4                      case 0xEB: return 8;  // 8
  80   4                      case 0xDB: return 9;  // 9
  81   4                      case 0xBB: return 10; // A
  82   4                      case 0x7B: return 11; // B
  83   4                      case 0xE7: return 12; // C
  84   4                      case 0xD7: return 13; // D
  85   4                      case 0xB7: return 14; // E
  86   4                      case 0x77: return 15; // F
  87   4                      default: return 255;
  88   4                  }
  89   3              }
  90   2          }
  91   1          return 255; // ް
  92   1      }
  93          
  94          void main() {
  95   1          uchar key;
  96   1          P0 = 0x00;  // 
  97   1          LED = 1;    // ״̬
  98   1      
  99   1          while (1) {
 100   2              // ϵʾ8˸
 101   2              display(8); // '8'
 102   2              delay_ms(500);
 103   2              display(16); // '-'
 104   2              delay_ms(500);
 105   2      
 106   2              // ʾ״̬ '-'
 107   2              display(16);
 108   2      
 109   2              // ȴ
 110   2              while ((key = key_scan()) == 255);
 111   2      
 112   2              if (key == 7) 
 113   2              {
C51 COMPILER V9.54   MAIN                                                                  05/30/2025 22:10:44 PAGE 3   

 114   3                  // ȷ롰7
 115   3                  display(17); // 'P'
 116   3                  LED = 0; // 
 117   3                  delay_ms(3000);
 118   3              } 
 119   2              else 
 120   2              {
 121   3                  // 
 122   3                  display(18); // 'E'
 123   3                  LED = 1; // 
 124   3                  delay_ms(3000);
 125   3              }
 126   2      
 127   2              // ָ
 128   2              display(16);
 129   2              LED = 1;
 130   2          }
 131   1      }


MODULE INFORMATION:   STATIC OVERLAYABLE
   CODE SIZE        =    265    ----
   CONSTANT SIZE    =     19    ----
   XDATA SIZE       =   ----    ----
   PDATA SIZE       =   ----    ----
   DATA SIZE        =   ----    ----
   IDATA SIZE       =   ----    ----
   BIT SIZE         =   ----    ----
END OF MODULE INFORMATION.


C51 COMPILATION COMPLETE.  0 WARNING(S),  0 ERROR(S)
