C51 COMPILER V9.54   MAIN                                                                  05/06/2025 10:12:18 PAGE 1   


C51 COMPILER V9.54, COMPILATION OF MODULE MAIN
OBJECT MODULE PLACED IN .\Objects\main.obj
COMPILER INVOKED BY: E:\Keil5\C51\BIN\C51.EXE main.c OPTIMIZE(8,SPEED) BROWSE DEBUG OBJECTEXTEND PRINT(.\Listings\main.l
                    -st) OBJECT(.\Objects\main.obj)

line level    source

   1          #include <reg51.h>
   2          
   3          
   4          
   5          void delay_ms(unsigned int ms)
   6          {
   7   1          unsigned int i,j;
   8   1          for(i=0;i<ms;i++)
   9   1          {
  10   2              for(j=0;j<125;j++)
  11   2              {
  12   3              
  13   3              
  14   3              }
  15   2          
  16   2          }
  17   1              
  18   1      }
  19          
  20          unsigned char LED_BUF[8] = {0x01,0x02,0x04,0x08,0x10,0x20,0x40,0x80};
  21          
  22          void main(void)
  23          {
  24   1          unsigned int i;
  25   1          TMOD=0X06;
  26   1          TH0=0XF6;
  27   1          TL0=0XF6;
  28   1          TR0=1;
  29   1          
  30   1          while(1)
  31   1          {
  32   2              if(TF0)
  33   2              {
  34   3                  TF0=0;
  35   3                  delay_ms(100);
  36   3              }
  37   2              i=TL0;
  38   2              i=i-0XF6;
  39   2              P1=i;
  40   2          }
  41   1      }


MODULE INFORMATION:   STATIC OVERLAYABLE
   CODE SIZE        =     71    ----
   CONSTANT SIZE    =   ----    ----
   XDATA SIZE       =   ----    ----
   PDATA SIZE       =   ----    ----
   DATA SIZE        =      8    ----
   IDATA SIZE       =   ----    ----
   BIT SIZE         =   ----    ----
END OF MODULE INFORMATION.


C51 COMPILATION COMPLETE.  0 WARNING(S),  0 ERROR(S)
